Arguments: 
  C:\Program Files\nodejs\node.exe C:\Program Files (x86)\Yarn\bin\yarn.js add moment

PATH: 
  C:\Users\EDZ\bin;E:\cmder\bin;E:\cmder\vendor\bin;E:\cmder\vendor\git-for-windows\bin;E:\cmder\vendor\git-for-windows\mingw64\bin;E:\cmder\vendor\git-for-windows\usr\local\bin;E:\cmder\vendor\git-for-windows\usr\bin;E:\cmder\vendor\git-for-windows\usr\bin;E:\cmder\vendor\git-for-windows\mingw64\bin;E:\cmder\vendor\git-for-windows\usr\bin;C:\Users\EDZ\bin;E:\cmder\vendor\conemu-maximus5\ConEmu\Scripts;E:\cmder\vendor\conemu-maximus5;E:\cmder\vendor\conemu-maximus5\ConEmu;C:\ProgramData\DockerDesktop\version-bin;C:\Program Files\Docker\Docker\Resources\bin;C:\Program Files (x86)\Intel\Intel(R) Management Engine Components\iCLS;C:\Program Files\Intel\Intel(R) Management Engine Components\iCLS;C:\WINDOWS\system32;C:\WINDOWS;C:\WINDOWS\System32\Wbem;C:\WINDOWS\System32\WindowsPowerShell\v1.0;C:\WINDOWS\System32\OpenSSH;C:\Program Files (x86)\Intel\Intel(R) Management Engine Components\DAL;C:\Program Files\Intel\Intel(R) Management Engine Components\DAL;D:\develop\JDK\jdk8\bin;D:\develop\apache-maven-3.6.1\bin;D:\develop\mysql-5.6.44-winx64\bin;C:\Program Files (x86)\Yarn\bin;C:\Users\EDZ\AppData\Roaming\nvm;C:\Program Files\nodejs;D:\develop\Git\cmd;D:\Program Files\PuTTY;C:\Users\EDZ\AppData\Local\Programs\Python\Python37-32\Scripts;C:\Users\EDZ\AppData\Local\Programs\Python\Python37-32;C:\Users\EDZ\AppData\Local\Microsoft\WindowsApps;C:\Users\EDZ\AppData\Local\Programs\Microsoft VS Code\bin;C:\Users\EDZ\AppData\Local\Yarn\bin;C:\Users\EDZ\AppData\Roaming\nvm;C:\Program Files\nodejs;C:\Program Files\Docker Toolbox;C:\Users\EDZ\AppData\Local\GitHubDesktop\bin;E:\Users\EDZ\AppData\Local\Programs\Fiddler;%USERPROFILE%\AppData\Local\Microsoft\WindowsApps;C:\Users\EDZ\AppData\Local\BypassRuntm;E:\cmder;E:\cmder\vendor\git-for-windows\usr\bin\vendor_perl;E:\cmder\vendor\git-for-windows\usr\bin\core_perl

Yarn version: 
  1.16.0

Node version: 
  10.16.0

Platform: 
  win32 x64

Trace: 
  Error: http://npm.tuzhanai.com/@types%2faxios: authorization required to access package @types/axios
      at Request.params.callback [as _callback] (C:\Program Files (x86)\Yarn\lib\cli.js:65200:18)
      at Request.self.callback (C:\Program Files (x86)\Yarn\lib\cli.js:129590:22)
      at Request.emit (events.js:198:13)
      at Request.<anonymous> (C:\Program Files (x86)\Yarn\lib\cli.js:130562:10)
      at Request.emit (events.js:198:13)
      at IncomingMessage.<anonymous> (C:\Program Files (x86)\Yarn\lib\cli.js:130484:12)
      at Object.onceWrapper (events.js:286:20)
      at IncomingMessage.emit (events.js:203:15)
      at endReadableNT (_stream_readable.js:1129:12)
      at process._tickCallback (internal/process/next_tick.js:63:19)

npm manifest: 
  {
    "name": "server",
    "version": "1.0.0",
    "description": "",
    "main": "index.js",
    "scripts": {
      "dev": "nodemon",
      "build": "rm -rf dist && tsc"
    },
    "author": "weijianghong",
    "license": "ISC",
    "dependencies": {
      "@types/axios": "^0.14.0",
      "@types/connect-redis": "0.0.14",
      "@types/express": "^4.17.1",
      "@types/express-session": "^1.17.0",
      "@types/formidable": "^1.0.31",
      "@types/ioredis": "^4.0.18",
      "@types/lodash": "^4.14.144",
      "@types/mongoose": "^5.5.23",
      "@types/uuid": "^3.4.6",
      "axios": "^0.19.0",
      "body-parser": "^1.19.0",
      "connect-redis": "^4.0.4",
      "cos-nodejs-sdk-v5": "^2.5.14",
      "express": "^4.17.1",
      "express-session": "^1.17.1",
      "formidable": "^1.2.1",
      "hashids": "^2.1.0",
      "ioredis": "^4.14.1",
      "lodash": "^4.17.15",
      "mongoose": "^5.7.6",
      "nodemon": "^1.19.4",
      "redis": "^2.8.0",
      "sha1": "^1.1.1",
      "uuid": "^3.3.3"
    }
  }

yarn manifest: 
  No manifest

Lockfile: 
  No lockfile
